[0409/194622.136:ERROR:process_reader_win.cc(151)] SuspendThread: Access is denied. (0x5)
[0409/194622.137:ERROR:process_reader_win.cc(123)] NtOpenThread: {Access Denied} A process has requested access to an object, but has not been granted those access rights. (0xc0000022)
[0409/194622.138:ERROR:exception_snapshot_win.cc(98)] thread ID 19452 not found in process
[0409/194622.158:ERROR:process_reader_win.cc(151)] SuspendThread: Access is denied. (0x5)
[0409/194622.158:ERROR:process_reader_win.cc(151)] SuspendThread: Access is denied. (0x5)
[0409/194622.158:ERROR:process_reader_win.cc(123)] NtOpenThread: {Access Denied} A process has requested access to an object, but has not been granted those access rights. (0xc0000022)
[0409/194622.159:ERROR:exception_snapshot_win.cc(98)] thread ID 19508 not found in process
[0409/194622.493:ERROR:process_reader_win.cc(151)] SuspendThread: Access is denied. (0x5)
[0409/194622.493:ERROR:process_reader_win.cc(151)] SuspendThread: Access is denied. (0x5)
[0409/194622.493:ERROR:process_reader_win.cc(123)] NtOpenThread: {Access Denied} A process has requested access to an object, but has not been granted those access rights. (0xc0000022)
[0409/194622.493:ERROR:exception_snapshot_win.cc(98)] thread ID 7764 not found in process
[0409/194732.021:ERROR:process_reader_win.cc(151)] SuspendThread: Access is denied. (0x5)
[0409/194732.022:ERROR:process_reader_win.cc(151)] SuspendThread: Access is denied. (0x5)
[0409/194732.022:ERROR:process_reader_win.cc(123)] NtOpenThread: {Access Denied} A process has requested access to an object, but has not been granted those access rights. (0xc0000022)
[0409/194732.023:ERROR:exception_snapshot_win.cc(98)] thread ID 6060 not found in process
[0409/194732.038:ERROR:process_reader_win.cc(151)] SuspendThread: Access is denied. (0x5)
[0409/194732.038:ERROR:process_reader_win.cc(123)] NtOpenThread: {Access Denied} A process has requested access to an object, but has not been granted those access rights. (0xc0000022)
[0409/194732.038:ERROR:exception_snapshot_win.cc(98)] thread ID 9648 not found in process
[0409/194732.050:ERROR:process_reader_win.cc(151)] SuspendThread: Access is denied. (0x5)
[0409/194732.050:ERROR:process_reader_win.cc(123)] NtOpenThread: {Access Denied} A process has requested access to an object, but has not been granted those access rights. (0xc0000022)
[0409/194732.050:ERROR:exception_snapshot_win.cc(98)] thread ID 21584 not found in process
[0409/195605.344:ERROR:process_reader_win.cc(151)] SuspendThread: Access is denied. (0x5)
[0409/195605.437:ERROR:process_reader_win.cc(151)] SuspendThread: Access is denied. (0x5)
[0409/195605.437:ERROR:process_reader_win.cc(151)] SuspendThread: Access is denied. (0x5)
[0409/195605.346:ERROR:process_reader_win.cc(151)] SuspendThread: Access is denied. (0x5)
[0409/195605.437:ERROR:process_reader_win.cc(123)] NtOpenThread: {Access Denied} A process has requested access to an object, but has not been granted those access rights. (0xc0000022)
[0409/195605.437:ERROR:exception_snapshot_win.cc(98)] thread ID 6888 not found in process
[0409/195605.437:ERROR:process_reader_win.cc(151)] SuspendThread: Access is denied. (0x5)
[0409/195605.437:ERROR:process_reader_win.cc(151)] SuspendThread: Access is denied. (0x5)
[0409/195605.437:ERROR:process_reader_win.cc(151)] SuspendThread: Access is denied. (0x5)
[0409/195605.437:ERROR:process_reader_win.cc(151)] SuspendThread: Access is denied. (0x5)
[0409/195605.437:ERROR:process_reader_win.cc(151)] SuspendThread: Access is denied. (0x5)
[0409/195605.345:ERROR:process_reader_win.cc(151)] SuspendThread: Access is denied. (0x5)
[0409/195605.438:ERROR:process_reader_win.cc(151)] SuspendThread: Access is denied. (0x5)
[0409/195605.438:ERROR:process_reader_win.cc(123)] NtOpenThread: An invalid Client ID was specified. (0xc000000b)
[0409/195605.438:ERROR:process_reader_win.cc(151)] SuspendThread: Access is denied. (0x5)
[0409/195605.438:ERROR:process_reader_win.cc(123)] NtOpenThread: An invalid Client ID was specified. (0xc000000b)
[0409/195605.438:ERROR:process_reader_win.cc(123)] NtOpenThread: An invalid Client ID was specified. (0xc000000b)
[0409/195605.438:ERROR:process_reader_win.cc(151)] SuspendThread: Access is denied. (0x5)
[0409/195605.438:ERROR:process_reader_win.cc(123)] NtOpenThread: An invalid Client ID was specified. (0xc000000b)
[0409/195605.438:ERROR:process_reader_win.cc(123)] NtOpenThread: An invalid Client ID was specified. (0xc000000b)
[0409/195605.438:ERROR:process_reader_win.cc(123)] NtOpenThread: An invalid Client ID was specified. (0xc000000b)
[0409/195605.438:ERROR:process_reader_win.cc(151)] SuspendThread: Access is denied. (0x5)
[0409/195605.438:ERROR:process_reader_win.cc(123)] NtOpenThread: An invalid Client ID was specified. (0xc000000b)
[0409/195605.438:ERROR:process_reader_win.cc(123)] NtOpenThread: {Access Denied} A process has requested access to an object, but has not been granted those access rights. (0xc0000022)
[0409/195605.438:ERROR:process_reader_win.cc(123)] NtOpenThread: An invalid Client ID was specified. (0xc000000b)
[0409/195605.438:ERROR:exception_snapshot_win.cc(98)] thread ID 7936 not found in process
[0409/195605.438:ERROR:process_reader_win.cc(123)] NtOpenThread: {Access Denied} A process has requested access to an object, but has not been granted those access rights. (0xc0000022)
[0409/195605.438:ERROR:exception_snapshot_win.cc(98)] thread ID 8460 not found in process
[0409/195605.438:ERROR:scoped_process_suspend.cc(40)] NtResumeProcess: An attempt was made to access an exiting process. (0xc000010a)
